<?xml version="1.0" encoding="UTF-8"?>
<testng-results ignored="0" total="1" passed="1" failed="0" skipped="0">
  <reporter-output>
  </reporter-output>
  <suite started-at="2026-09-14T10:42:33 EDT" name="Suite" finished-at="2026-09-14T10:43:03 EDT" duration-ms="29790">
    <groups>
      <group name="Sanity">
        <method signature="TC01_Registration.accountRegistrationTest()[pri:0, instance:testCases.TC01_Registration@42e3ede4]" name="accountRegistrationTest" class="testCases.TC01_Registration"/>
      </group> <!-- Sanity -->
    </groups>
    <test started-at="2026-09-14T10:42:33 EDT" name="chromeTest" finished-at="2026-09-14T10:43:03 EDT" duration-ms="29790">
      <class name="testCases.TC01_Registration">
        <test-method is-config="true" signature="setup(java.lang.String,java.lang.String)[pri:0, instance:testCases.TC01_Registration@42e3ede4]" started-at="2026-09-14T10:42:33 EDT" name="setup" finished-at="2026-09-14T10:42:49 EDT" duration-ms="15748" status="PASS">
          <params>
            <param index="0">
              <value>
                <![CDATA[window]]>
              </value>
            </param>
            <param index="1">
              <value>
                <![CDATA[chrome]]>
              </value>
            </param>
          </params>
          <reporter-output>
          </reporter-output>
        </test-method> <!-- setup -->
        <test-method signature="accountRegistrationTest()[pri:0, instance:testCases.TC01_Registration@42e3ede4]" started-at="2026-09-14T10:42:49 EDT" name="accountRegistrationTest" finished-at="2026-09-14T10:43:00 EDT" duration-ms="10949" status="PASS">
          <reporter-output>
          </reporter-output>
        </test-method> <!-- accountRegistrationTest -->
        <test-method is-config="true" signature="tearDown()[pri:0, instance:testCases.TC01_Registration@42e3ede4]" started-at="2026-09-14T10:43:00 EDT" name="tearDown" finished-at="2026-09-14T10:43:03 EDT" duration-ms="2743" status="PASS">
          <reporter-output>
          </reporter-output>
        </test-method> <!-- tearDown -->
      </class> <!-- testCases.TC01_Registration -->
    </test> <!-- chromeTest -->
  </suite> <!-- Suite -->
</testng-results>
