<?xml version="1.0" encoding="UTF-8"?>
<testng-results ignored="0" total="2" passed="2" failed="0" skipped="0">
  <reporter-output>
  </reporter-output>
  <suite started-at="2026-09-25T15:06:51 EDT" name="Suite" finished-at="2026-09-25T15:08:01 EDT" duration-ms="69917">
    <groups>
      <group name="Sanity">
        <method signature="TC01_Login.testLogin()[pri:0, instance:testCases.TC01_Login@201b6b6f]" name="testLogin" class="testCases.TC01_Login"/>
      </group> <!-- Sanity -->
      <group name="Regression">
        <method signature="TC01_Login.testInvalidPassword()[pri:2, instance:testCases.TC01_Login@201b6b6f]" name="testInvalidPassword" class="testCases.TC01_Login"/>
      </group> <!-- Regression -->
    </groups>
    <test started-at="2026-09-25T15:06:51 EDT" name="chromeTest" finished-at="2026-09-25T15:08:01 EDT" duration-ms="69917">
      <class name="testCases.TC01_Login">
        <test-method is-config="true" signature="setup(java.lang.String,java.lang.String)[pri:0, instance:testCases.TC01_Login@201b6b6f]" started-at="2026-09-25T15:06:52 EDT" name="setup" finished-at="2026-09-25T15:07:35 EDT" duration-ms="43759" status="PASS">
          <params>
            <param index="0">
              <value>
                <![CDATA[window]]>
              </value>
            </param>
            <param index="1">
              <value>
                <![CDATA[chrome]]>
              </value>
            </param>
          </params>
          <reporter-output>
          </reporter-output>
        </test-method> <!-- setup -->
        <test-method signature="testLogin()[pri:0, instance:testCases.TC01_Login@201b6b6f]" started-at="2026-09-25T15:07:35 EDT" name="testLogin" finished-at="2026-09-25T15:07:52 EDT" duration-ms="16135" status="PASS">
          <reporter-output>
          </reporter-output>
        </test-method> <!-- testLogin -->
        <test-method signature="testInvalidPassword()[pri:2, instance:testCases.TC01_Login@201b6b6f]" started-at="2026-09-25T15:07:52 EDT" name="testInvalidPassword" finished-at="2026-09-25T15:07:56 EDT" duration-ms="4015" status="PASS">
          <reporter-output>
          </reporter-output>
        </test-method> <!-- testInvalidPassword -->
        <test-method is-config="true" signature="tearDown()[pri:0, instance:testCases.TC01_Login@201b6b6f]" started-at="2026-09-25T15:07:56 EDT" name="tearDown" finished-at="2026-09-25T15:08:01 EDT" duration-ms="5502" status="PASS">
          <reporter-output>
          </reporter-output>
        </test-method> <!-- tearDown -->
      </class> <!-- testCases.TC01_Login -->
    </test> <!-- chromeTest -->
  </suite> <!-- Suite -->
</testng-results>
